0 info it worked if it ends with ok
1 verbose cli [ 'C:\\Program Files\\nodejs\\node.exe',
1 verbose cli   'C:\\Program Files\\nodejs\\node_modules\\npm\\bin\\npm-cli.js',
1 verbose cli   'i',
1 verbose cli   'angular-sanitaze' ]
2 info using npm@2.14.7
3 info using node@v4.2.1
4 verbose install initial load of D:\OpenServer\domains\angular.local\package.json
5 warn package.json start-angular@1.0.0 No description
6 warn package.json start-angular@1.0.0 No repository field.
7 warn package.json start-angular@1.0.0 No README data
8 verbose installManyTop reading scoped package data from D:\OpenServer\domains\angular.local\node_modules\bootstrap\package.json
9 verbose installManyTop reading scoped package data from D:\OpenServer\domains\angular.local\node_modules\gulp\package.json
10 verbose installManyTop reading scoped package data from D:\OpenServer\domains\angular.local\node_modules\gulp-autoprefixer\package.json
11 verbose installManyTop reading scoped package data from D:\OpenServer\domains\angular.local\node_modules\gulp-sass\package.json
12 verbose readDependencies loading dependencies from D:\OpenServer\domains\angular.local\package.json
13 silly cache add args [ 'angular-sanitaze', null ]
14 verbose cache add spec angular-sanitaze
15 silly cache add parsed spec Result {
15 silly cache add   raw: 'angular-sanitaze',
15 silly cache add   scope: null,
15 silly cache add   name: 'angular-sanitaze',
15 silly cache add   rawSpec: '',
15 silly cache add   spec: '*',
15 silly cache add   type: 'range' }
16 silly addNamed angular-sanitaze@*
17 verbose addNamed "*" is a valid semver range for angular-sanitaze
18 silly addNameRange { name: 'angular-sanitaze', range: '*', hasData: false }
19 silly mapToRegistry name angular-sanitaze
20 silly mapToRegistry using default registry
21 silly mapToRegistry registry https://registry.npmjs.org/
22 silly mapToRegistry uri https://registry.npmjs.org/angular-sanitaze
23 verbose addNameRange registry:https://registry.npmjs.org/angular-sanitaze not in flight; fetching
24 verbose request uri https://registry.npmjs.org/angular-sanitaze
25 verbose request no auth needed
26 info attempt registry request try #1 at 00:58:11
27 verbose request using bearer token for auth
28 verbose request id bddffca6189bd0f2
29 http request GET https://registry.npmjs.org/angular-sanitaze
30 http 404 https://registry.npmjs.org/angular-sanitaze
31 verbose headers { 'content-type': 'application/json',
31 verbose headers   'cache-control': 'max-age=0',
31 verbose headers   'content-length': '2',
31 verbose headers   'accept-ranges': 'bytes',
31 verbose headers   date: 'Thu, 17 Nov 2016 21:58:12 GMT',
31 verbose headers   via: '1.1 varnish',
31 verbose headers   connection: 'keep-alive',
31 verbose headers   'x-served-by': 'cache-fra1225-FRA',
31 verbose headers   'x-cache': 'MISS',
31 verbose headers   'x-cache-hits': '0',
31 verbose headers   'x-timer': 'S1479419891.831961,VS0,VE408',
31 verbose headers   vary: 'Accept-Encoding' }
32 silly get cb [ 404,
32 silly get   { 'content-type': 'application/json',
32 silly get     'cache-control': 'max-age=0',
32 silly get     'content-length': '2',
32 silly get     'accept-ranges': 'bytes',
32 silly get     date: 'Thu, 17 Nov 2016 21:58:12 GMT',
32 silly get     via: '1.1 varnish',
32 silly get     connection: 'keep-alive',
32 silly get     'x-served-by': 'cache-fra1225-FRA',
32 silly get     'x-cache': 'MISS',
32 silly get     'x-cache-hits': '0',
32 silly get     'x-timer': 'S1479419891.831961,VS0,VE408',
32 silly get     vary: 'Accept-Encoding' } ]
33 verbose stack Error: Registry returned 404 for GET on https://registry.npmjs.org/angular-sanitaze
33 verbose stack     at makeError (C:\Program Files\nodejs\node_modules\npm\node_modules\npm-registry-client\lib\request.js:264:12)
33 verbose stack     at CachingRegistryClient.<anonymous> (C:\Program Files\nodejs\node_modules\npm\node_modules\npm-registry-client\lib\request.js:242:14)
33 verbose stack     at Request._callback (C:\Program Files\nodejs\node_modules\npm\node_modules\npm-registry-client\lib\request.js:172:14)
33 verbose stack     at Request.self.callback (C:\Program Files\nodejs\node_modules\npm\node_modules\request\request.js:198:22)
33 verbose stack     at emitTwo (events.js:87:13)
33 verbose stack     at Request.emit (events.js:172:7)
33 verbose stack     at Request.<anonymous> (C:\Program Files\nodejs\node_modules\npm\node_modules\request\request.js:1063:14)
33 verbose stack     at emitOne (events.js:82:20)
33 verbose stack     at Request.emit (events.js:169:7)
33 verbose stack     at IncomingMessage.<anonymous> (C:\Program Files\nodejs\node_modules\npm\node_modules\request\request.js:1009:12)
34 verbose statusCode 404
35 verbose pkgid angular-sanitaze
36 verbose cwd D:\OpenServer\domains\angular.local
37 error Windows_NT 10.0.14393
38 error argv "C:\\Program Files\\nodejs\\node.exe" "C:\\Program Files\\nodejs\\node_modules\\npm\\bin\\npm-cli.js" "i" "angular-sanitaze"
39 error node v4.2.1
40 error npm  v2.14.7
41 error code E404
42 error 404 Registry returned 404 for GET on https://registry.npmjs.org/angular-sanitaze
42 error 404
42 error 404 'angular-sanitaze' is not in the npm registry.
42 error 404 You should bug the author to publish it (or use the name yourself!)
42 error 404 It was specified as a dependency of 'start-angular'
42 error 404
42 error 404 Note that you can also install from a
42 error 404 tarball, folder, http url, or git url.
43 verbose exit [ 1, true ]
